d:\workspace\cppprojects\twr2\twr2\debug\twr2.pch
d:\workspace\cppprojects\twr2\twr2\debug\stdafx.obj
d:\workspace\cppprojects\twr2\twr2\debug\vc100.pdb
d:\workspace\cppprojects\twr2\twr2\debug\lstaurs.obj
d:\workspace\cppprojects\twr2\twr2\debug\twr2.obj
d:\workspace\cppprojects\twr2\twr2\debug\twrtbl.obj
d:\workspace\cppprojects\twr2\twr2\debug\csltbl.obj
d:\workspace\cppprojects\twr2\twr2\debug\map.obj
d:\workspace\cppprojects\twr2\twr2\debug\landelements.obj
c:\documents and settings\mb plaza\рабочий стол\twr2\twr2\twr2\debug\twr2.pch
c:\documents and settings\mb plaza\рабочий стол\twr2\twr2\twr2\debug\stdafx.obj
c:\documents and settings\mb plaza\рабочий стол\twr2\twr2\twr2\debug\vc100.pdb
c:\documents and settings\mb plaza\рабочий стол\twr2\twr2\twr2\debug\csltbl.obj
c:\documents and settings\mb plaza\рабочий стол\twr2\twr2\twr2\debug\lstaurs.obj
c:\documents and settings\mb plaza\рабочий стол\twr2\twr2\twr2\debug\landelements.obj
c:\documents and settings\mb plaza\рабочий стол\twr2\twr2\twr2\debug\twr2.obj
c:\documents and settings\mb plaza\рабочий стол\twr2\twr2\twr2\debug\twrtbl.obj
c:\documents and settings\mb plaza\рабочий стол\twr2\twr2\debug\twr2.ilk
c:\documents and settings\mb plaza\рабочий стол\twr2\twr2\debug\twr2.exe
c:\documents and settings\mb plaza\рабочий стол\twr2\twr2\twr2\debug\twr2.exe.intermediate.manifest
c:\documents and settings\mb plaza\рабочий стол\twr2\twr2\debug\twr2.pdb
d:\workspace\cppprojects\twr2\debug\twr2.ilk
d:\workspace\cppprojects\twr2\debug\twr2.exe
d:\workspace\cppprojects\twr2\twr2\debug\twr2.exe.intermediate.manifest
d:\workspace\cppprojects\twr2\debug\twr2.pdb
d:\workspace\cppprojects\twr2\twr2\debug\twr2.exe.embed.manifest
d:\workspace\cppprojects\twr2\twr2\debug\twr2.exe.embed.manifest.res
c:\documents and settings\mb plaza\рабочий стол\twr2\twr2\twr2\debug\twr2.exe.embed.manifest.res
d:\workspace\cpp\twr2\twr2\debug\twr2.pch
d:\workspace\cpp\twr2\twr2\debug\vc120.pdb
d:\workspace\cpp\twr2\twr2\debug\vc120.idb
d:\workspace\cpp\twr2\twr2\debug\stdafx.obj
d:\workspace\cpp\twr2\twr2\debug\csltbl.obj
d:\workspace\cpp\twr2\twr2\debug\lstaurs.obj
d:\workspace\cpp\twr2\twr2\debug\landelements.obj
d:\workspace\cpp\twr2\twr2\debug\twr2.obj
d:\workspace\cpp\twr2\twr2\debug\twrtbl.obj
d:\workspace\cpp\twr2\twr2\debug\map.obj
d:\workspace\cpp\twr2\twr2\debug\cl.command.1.tlog
d:\workspace\cpp\twr2\twr2\debug\cl.read.1.tlog
d:\workspace\cpp\twr2\twr2\debug\cl.write.1.tlog
d:\workspace\cpp\twr2\twr2\debug\link-cvtres.read.1.tlog
d:\workspace\cpp\twr2\twr2\debug\link-cvtres.write.1.tlog
d:\workspace\cpp\twr2\twr2\debug\link.12532-cvtres.read.1.tlog
d:\workspace\cpp\twr2\twr2\debug\link.12532-cvtres.write.1.tlog
d:\workspace\cpp\twr2\twr2\debug\link.12532.read.1.tlog
d:\workspace\cpp\twr2\twr2\debug\link.12532.write.1.tlog
d:\workspace\cpp\twr2\twr2\debug\link.3100-cvtres.read.1.tlog
d:\workspace\cpp\twr2\twr2\debug\link.3100-cvtres.write.1.tlog
d:\workspace\cpp\twr2\twr2\debug\link.3100.read.1.tlog
d:\workspace\cpp\twr2\twr2\debug\link.3100.write.1.tlog
d:\workspace\cpp\twr2\twr2\debug\link.4592-cvtres.read.1.tlog
d:\workspace\cpp\twr2\twr2\debug\link.4592-cvtres.write.1.tlog
d:\workspace\cpp\twr2\twr2\debug\link.4592.read.1.tlog
d:\workspace\cpp\twr2\twr2\debug\link.4592.write.1.tlog
d:\workspace\cpp\twr2\twr2\debug\link.4860-cvtres.read.1.tlog
d:\workspace\cpp\twr2\twr2\debug\link.4860-cvtres.write.1.tlog
d:\workspace\cpp\twr2\twr2\debug\link.4860.read.1.tlog
d:\workspace\cpp\twr2\twr2\debug\link.4860.write.1.tlog
d:\workspace\cpp\twr2\twr2\debug\link.4932-cvtres.read.1.tlog
d:\workspace\cpp\twr2\twr2\debug\link.4932-cvtres.write.1.tlog
d:\workspace\cpp\twr2\twr2\debug\link.4932.read.1.tlog
d:\workspace\cpp\twr2\twr2\debug\link.4932.write.1.tlog
d:\workspace\cpp\twr2\twr2\debug\link.5296-cvtres.read.1.tlog
d:\workspace\cpp\twr2\twr2\debug\link.5296-cvtres.write.1.tlog
d:\workspace\cpp\twr2\twr2\debug\link.5296.read.1.tlog
d:\workspace\cpp\twr2\twr2\debug\link.5296.write.1.tlog
d:\workspace\cpp\twr2\twr2\debug\link.5412-cvtres.read.1.tlog
d:\workspace\cpp\twr2\twr2\debug\link.5412-cvtres.write.1.tlog
d:\workspace\cpp\twr2\twr2\debug\link.5412.read.1.tlog
d:\workspace\cpp\twr2\twr2\debug\link.5412.write.1.tlog
d:\workspace\cpp\twr2\twr2\debug\link.5436-cvtres.read.1.tlog
d:\workspace\cpp\twr2\twr2\debug\link.5436-cvtres.write.1.tlog
d:\workspace\cpp\twr2\twr2\debug\link.5436.read.1.tlog
d:\workspace\cpp\twr2\twr2\debug\link.5436.write.1.tlog
d:\workspace\cpp\twr2\twr2\debug\link.5468-cvtres.read.1.tlog
d:\workspace\cpp\twr2\twr2\debug\link.5468-cvtres.write.1.tlog
d:\workspace\cpp\twr2\twr2\debug\link.5468.read.1.tlog
d:\workspace\cpp\twr2\twr2\debug\link.5468.write.1.tlog
d:\workspace\cpp\twr2\twr2\debug\link.5508-cvtres.read.1.tlog
d:\workspace\cpp\twr2\twr2\debug\link.5508-cvtres.write.1.tlog
d:\workspace\cpp\twr2\twr2\debug\link.5508.read.1.tlog
d:\workspace\cpp\twr2\twr2\debug\link.5508.write.1.tlog
d:\workspace\cpp\twr2\twr2\debug\link.5652-cvtres.read.1.tlog
d:\workspace\cpp\twr2\twr2\debug\link.5652-cvtres.write.1.tlog
d:\workspace\cpp\twr2\twr2\debug\link.5652.read.1.tlog
d:\workspace\cpp\twr2\twr2\debug\link.5652.write.1.tlog
d:\workspace\cpp\twr2\twr2\debug\link.6668-cvtres.read.1.tlog
d:\workspace\cpp\twr2\twr2\debug\link.6668-cvtres.write.1.tlog
d:\workspace\cpp\twr2\twr2\debug\link.6668.read.1.tlog
d:\workspace\cpp\twr2\twr2\debug\link.6668.write.1.tlog
d:\workspace\cpp\twr2\twr2\debug\link.7260-cvtres.read.1.tlog
d:\workspace\cpp\twr2\twr2\debug\link.7260-cvtres.write.1.tlog
d:\workspace\cpp\twr2\twr2\debug\link.7260.read.1.tlog
d:\workspace\cpp\twr2\twr2\debug\link.7260.write.1.tlog
d:\workspace\cpp\twr2\twr2\debug\link.7412-cvtres.read.1.tlog
d:\workspace\cpp\twr2\twr2\debug\link.7412-cvtres.write.1.tlog
d:\workspace\cpp\twr2\twr2\debug\link.7412.read.1.tlog
d:\workspace\cpp\twr2\twr2\debug\link.7412.write.1.tlog
d:\workspace\cpp\twr2\twr2\debug\link.7820-cvtres.read.1.tlog
d:\workspace\cpp\twr2\twr2\debug\link.7820-cvtres.write.1.tlog
d:\workspace\cpp\twr2\twr2\debug\link.7820.read.1.tlog
d:\workspace\cpp\twr2\twr2\debug\link.7820.write.1.tlog
d:\workspace\cpp\twr2\twr2\debug\link.9168-cvtres.read.1.tlog
d:\workspace\cpp\twr2\twr2\debug\link.9168-cvtres.write.1.tlog
d:\workspace\cpp\twr2\twr2\debug\link.9168.read.1.tlog
d:\workspace\cpp\twr2\twr2\debug\link.9168.write.1.tlog
d:\workspace\cpp\twr2\twr2\debug\link.command.1.tlog
d:\workspace\cpp\twr2\twr2\debug\link.read.1.tlog
d:\workspace\cpp\twr2\twr2\debug\link.write.1.tlog
d:\workspace\cpp\twr2\twr2\debug\mt.command.1.tlog
d:\workspace\cpp\twr2\twr2\debug\mt.read.1.tlog
d:\workspace\cpp\twr2\twr2\debug\mt.write.1.tlog
d:\workspace\cpp\twr2\twr2\debug\rc.command.1.tlog
d:\workspace\cpp\twr2\twr2\debug\rc.read.1.tlog
d:\workspace\cpp\twr2\twr2\debug\rc.write.1.tlog
d:\workspace\cpp\twr2\twr2\debug\twr2.exe.embed.manifest
d:\workspace\cpp\twr2\twr2\debug\twr2.exe.intermediate.manifest
d:\workspace\cpp\twr2\twr2\debug\twr2.exe.embed.manifest.res
d:\workspace\cpp\twr2\twr2\debug\vc100.idb
d:\workspace\cpp\twr2\twr2\debug\vc100.pdb
d:\workspace\cpp\twr2\twr2\debug\twr2_manifest.rc
d:\workspace\cpp\twr2\debug\twr2.pdb
d:\workspace\cpp\twr2\twr2\debug\twr2.tlog\cl.command.1.tlog
d:\workspace\cpp\twr2\twr2\debug\twr2.tlog\cl.read.1.tlog
d:\workspace\cpp\twr2\twr2\debug\twr2.tlog\cl.write.1.tlog
d:\workspace\cpp\twr2\twr2\debug\twr2.tlog\link-cvtres.read.1.tlog
d:\workspace\cpp\twr2\twr2\debug\twr2.tlog\link-cvtres.write.1.tlog
d:\workspace\cpp\twr2\twr2\debug\twr2.tlog\link-rc.read.1.tlog
d:\workspace\cpp\twr2\twr2\debug\twr2.tlog\link-rc.write.1.tlog
d:\workspace\cpp\twr2\twr2\debug\twr2.tlog\link.command.1.tlog
d:\workspace\cpp\twr2\twr2\debug\twr2.tlog\link.read.1.tlog
d:\workspace\cpp\twr2\twr2\debug\twr2.tlog\link.write.1.tlog
